<?xml version="1.0" encoding="UTF-8"?>
<testng-results skipped="0" failed="0" ignored="0" total="1" passed="1">
  <reporter-output>
  </reporter-output>
  <suite name="Default suite" duration-ms="13647" started-at="2017-12-11T00:09:09Z" finished-at="2017-12-11T00:09:23Z">
    <groups>
    </groups>
    <test name="Default test" duration-ms="13647" started-at="2017-12-11T00:09:09Z" finished-at="2017-12-11T00:09:23Z">
      <class name="polymorphism.PolyTest">
        <test-method status="PASS" signature="beforeTest()[pri:0, instance:polymorphism.PolyTest@26653222]" name="beforeTest" is-config="true" duration-ms="2716" started-at="2017-12-10T16:09:09Z" finished-at="2017-12-10T16:09:12Z">
          <reporter-output>
          </reporter-output>
        </test-method> <!-- beforeTest -->
        <test-method status="PASS" signature="userNameVerification()[pri:0, instance:polymorphism.PolyTest@26653222]" name="userNameVerification" duration-ms="10561" started-at="2017-12-10T16:09:12Z" finished-at="2017-12-10T16:09:23Z">
          <reporter-output>
          </reporter-output>
        </test-method> <!-- userNameVerification -->
        <test-method status="PASS" signature="afterTest()[pri:0, instance:polymorphism.PolyTest@26653222]" name="afterTest" is-config="true" duration-ms="345" started-at="2017-12-10T16:09:23Z" finished-at="2017-12-10T16:09:23Z">
          <reporter-output>
          </reporter-output>
        </test-method> <!-- afterTest -->
      </class> <!-- polymorphism.PolyTest -->
    </test> <!-- Default test -->
  </suite> <!-- Default suite -->
</testng-results>
